#
# A fatal error has been detected by the Java Runtime Environment:
#
#  SIGSEGV (0xb) at pc=0x00007fff870ad6e4, pid=5777, tid=1811
#
# JRE version: Java(TM) SE Runtime Environment (7.0_51-b13) (build 1.7.0_51-b13)
# Java VM: Java HotSpot(TM) 64-Bit Server VM (24.51-b03 mixed mode bsd-amd64 compressed oops)
# Problematic frame:
# C  [libobjc.A.dylib+0x86e4]  objc_retain+0x14
#
# Failed to write core dump. Core dumps have been disabled. To enable core dumping, try "ulimit -c unlimited" before starting Java again
#
# If you would like to submit a bug report, please visit:
#   http://bugreport.sun.com/bugreport/crash.jsp
# The crash happened outside the Java Virtual Machine in native code.
# See problematic frame for where to report the bug.
#

---------------  T H R E A D  ---------------

Current thread (0x00007fd4e98ac800):  JavaThread "JavaFX Application Thread" [_thread_in_native, id=1811, stack(0x00007fff58ae3000,0x00007fff58b63000)]

siginfo:si_signo=SIGSEGV: si_errno=0, si_code=0 (SEGV0), si_addr=0x0000000000000000

Registers:
RAX=0xa00007fd4eda2a6d, RBX=0x00007fd4e877dd40, RCX=0x00000000ffffffff, RDX=0x0000000000000050
RSP=0x00007fff58b5ee48, RBP=0x00007fff58b5ee60, RSI=0x00007fff88d3fbd5, RDI=0x00007fd4e84b8d70
R8 =0x00000000000003ff, R9 =0x00007fd4ead4b200, R10=0x00007fd4ead1c7e0, R11=0x00007fff768d8308
R12=0x0000000000000002, R13=0x00007fff870a60c0, R14=0x00007fff7639a510, R15=0x00007fd4e87f5960
RIP=0x00007fff870ad6e4, EFLAGS=0x0000000000010246, ERR=0x0000000000000000
  TRAPNO=0x000000000000000d

Top of Stack: (sp=0x00007fff58b5ee48)
0x00007fff58b5ee48:   00007fff870aebbc 00007fd4eac46240
0x00007fff58b5ee58:   00007fd4e877dcf0 00007fff58b5eea0
0x00007fff58b5ee68:   00007fff884a4323 00007fff884a41b1
0x00007fff58b5ee78:   00007fd4e87f4ca0 0000000000000002
0x00007fff58b5ee88:   00007fd4e8500788 00007fd4ed787b40
0x00007fff58b5ee98:   00007fff58b5eee8 00007fff58b5eec0
0x00007fff58b5eea8:   00007fff884a41ce 00007fff884a41b1
0x00007fff58b5eeb8:   00007fd4ed787b30 00007fff58b5eed0
0x00007fff58b5eec8:   00007fff942b2d87 00007fff58b5ef60
0x00007fff58b5eed8:   00007fff942b2ce0 00007fd4eda00600
0x00007fff58b5eee8:   00007fd4ed787b30 00007fd4e87fbfb0
0x00007fff58b5eef8:   00007fff942b2bc6 00007fff58b5eee0
0x00007fff58b5ef08:   00007fff58b5ef00 00007fd4e8500740
0x00007fff58b5ef18:   00007fd4e85008a0 00007fff58b5eee0
0x00007fff58b5ef28:   0000000000000002 7d002f03b477a1d2
0x00007fff58b5ef38:   0000000000000001 00007fff58b5f010
0x00007fff58b5ef48:   0000000000000c03 00007fd4e8500890
0x00007fff58b5ef58:   00007fd4e8500730 00007fff58b5fc40
0x00007fff58b5ef68:   00007fff942a4de8 00007fff58b5ef88
0x00007fff58b5ef78:   00007fff58b5efd8 00007fff783d5cf0
0x00007fff58b5ef88:   0000000000000000 00007fd4e8500730
0x00007fff58b5ef98:   00000001c031add0 00007fd4e843aaf0
0x00007fff58b5efa8:   0000000100000000 00007fd4e8500740
0x00007fff58b5efb8:   00007fd4e85008a0 0000000000000001
0x00007fff58b5efc8:   0000631673a236cf 0000100358b5f010
0x00007fff58b5efd8:   0000000000000000 00000d0308565233
0x00007fff58b5efe8:   0000000000000000 0000000058b5efd9
0x00007fff58b5eff8:   0000000000000000 0000000000000000
0x00007fff58b5f008:   ffffffffffffffff 0000001800001100
0x00007fff58b5f018:   00007fff58b5efc8 00007fff58b5f009
0x00007fff58b5f028:   0000000800000001 000001f500000100
0x00007fff58b5f038:   000001f50000000c 0000000000000000 

Instructions: (pc=0x00007fff870ad6e4)
0x00007fff870ad6c4:   5f 5d c3 90 90 90 90 90 90 90 90 90 31 c0 48 85
0x00007fff870ad6d4:   ff 74 09 40 f6 c7 01 74 04 48 89 f8 c3 48 8b 07
0x00007fff870ad6e4:   f6 40 20 02 74 05 e9 c5 6a 01 00 48 8d 05 d2 c3
0x00007fff870ad6f4:   2e ef 48 8b 30 e9 c2 89 ff ff 90 90 90 90 90 90 

Register to memory mapping:

RAX=0xa00007fd4eda2a6d is an unknown value
RBX=0x00007fd4e877dd40 is an unknown value
RCX=0x00000000ffffffff is an unknown value
RDX=0x0000000000000050 is an unknown value
RSP=0x00007fff58b5ee48 is pointing into the stack for thread: 0x00007fd4e98ac800
RBP=0x00007fff58b5ee60 is pointing into the stack for thread: 0x00007fd4e98ac800
RSI=0x00007fff88d3fbd5: -[NSTitlebarContainerView shouldRoundCorners]+0xb15c7 in /System/Library/Frameworks/AppKit.framework/Versions/C/AppKit at 0x00007fff88321000
RDI=0x00007fd4e84b8d70 is an unknown value
R8 =0x00000000000003ff is an unknown value
R9 =0x00007fd4ead4b200 is an unknown value
R10=0x00007fd4ead1c7e0 is an unknown value
R11=0x00007fff768d8308: OBJC_CLASS_$__NSAutomaticFocusRingState+0 in /System/Library/Frameworks/AppKit.framework/Versions/C/AppKit at 0x00007fff88321000
R12=0x0000000000000002 is an unknown value
R13=0x00007fff870a60c0: objc_msgSend+0 in /usr/lib/libobjc.A.dylib at 0x00007fff870a5000
R14=0x00007fff7639a510: _ZL13PropertyLocks+0x350 in /usr/lib/libobjc.A.dylib at 0x00007fff870a5000
R15=0x00007fd4e87f5960 is an unknown value


Stack: [0x00007fff58ae3000,0x00007fff58b63000],  sp=0x00007fff58b5ee48,  free space=495k
Native frames: (J=compiled Java code, j=interpreted, Vv=VM code, C=native code)
C  [libobjc.A.dylib+0x86e4]  objc_retain+0x14
C  [AppKit+0x183323]  +[_NSAutomaticFocusRing setActiveFirstResponderChanged]+0xe1
C  [AppKit+0x1831ce]  ___NSPostActiveFirstResponderChanged_block_invoke+0x1d
C  [CoreFoundation+0x7fd87]  __CFRUNLOOP_IS_CALLING_OUT_TO_AN_OBSERVER_CALLBACK_FUNCTION__+0x17
C  [CoreFoundation+0x7fce0]  __CFRunLoopDoObservers+0x170
C  [CoreFoundation+0x71de8]  __CFRunLoopRun+0x368
C  [CoreFoundation+0x71838]  CFRunLoopRunSpecific+0x128
C  [HIToolbox+0x2e43f]  RunCurrentEventLoopInMode+0xeb
C  [HIToolbox+0x2e0be]  ReceiveNextEventCommon+0xb3
C  [HIToolbox+0x2dffb]  _BlockUntilNextEventMatchingListInModeWithFilter+0x47
C  [AppKit+0x24821]  _DPSNextEvent+0x3c4
C  [AppKit+0x23fd0]  -[NSApplication nextEventMatchingMask:untilDate:inMode:dequeue:]+0xc2
C  [AppKit+0x17f73]  -[NSApplication run]+0x252
C  [libglass.dylib+0x3d31]  -[GlassApplication runLoop:]+0x2f1
C  [Foundation+0x65f4c]  __NSThreadPerformPerform+0x125
C  [CoreFoundation+0x80661]  __CFRUNLOOP_IS_CALLING_OUT_TO_A_SOURCE0_PERFORM_FUNCTION__+0x11
C  [CoreFoundation+0x727ed]  __CFRunLoopDoSources0+0x10d
C  [CoreFoundation+0x71e1f]  __CFRunLoopRun+0x39f
C  [CoreFoundation+0x71838]  CFRunLoopRunSpecific+0x128
C  [java+0x73b0]  CreateExecutionEnvironment+0x367
C  [java+0x1b5c]  JLI_Launch+0x7a0
C  [java+0x770d]  main+0x65
C  [java+0x13b4]  start+0x34


---------------  P R O C E S S  ---------------

Java Threads: ( => current thread )
  0x00007fd4e99e5800 JavaThread "Prism Font Disposer" daemon [_thread_blocked, id=47367, stack(0x00000001180b1000,0x00000001181b1000)]
  0x00007fd4e99f8000 JavaThread "Abandoned connection cleanup thread" daemon [_thread_blocked, id=45347, stack(0x0000000117fae000,0x00000001180ae000)]
  0x00007fd4ea0d2000 JavaThread "Thread-4" daemon [_thread_in_native, id=34051, stack(0x0000000113dda000,0x0000000113e5a000)]
=>0x00007fd4e98ac800 JavaThread "JavaFX Application Thread" [_thread_in_native, id=1811, stack(0x00007fff58ae3000,0x00007fff58b63000)]
  0x00007fd4e98a2000 JavaThread "Thread-2" daemon [_thread_blocked, id=23571, stack(0x0000000111ec6000,0x0000000111fc6000)]
  0x00007fd4e9897800 JavaThread "Disposer" daemon [_thread_blocked, id=23315, stack(0x0000000111d60000,0x0000000111e60000)]
  0x00007fd4e9069000 JavaThread "QuantumRenderer-0" daemon [_thread_blocked, id=19203, stack(0x00000001117b7000,0x00000001118b7000)]
  0x00007fd4e984e000 JavaThread "JavaFX-Launcher" [_thread_blocked, id=18691, stack(0x000000011164b000,0x000000011174b000)]
  0x00007fd4e9011000 JavaThread "Service Thread" daemon [_thread_blocked, id=17667, stack(0x00000001113aa000,0x00000001114aa000)]
  0x00007fd4ea017000 JavaThread "C2 CompilerThread1" daemon [_thread_blocked, id=17155, stack(0x00000001112a7000,0x00000001113a7000)]
  0x00007fd4e9857000 JavaThread "C2 CompilerThread0" daemon [_thread_blocked, id=16643, stack(0x00000001111a4000,0x00000001112a4000)]
  0x00007fd4e881e800 JavaThread "Signal Dispatcher" daemon [_thread_blocked, id=13327, stack(0x00000001110a1000,0x00000001111a1000)]
  0x00007fd4e900f000 JavaThread "Finalizer" daemon [_thread_blocked, id=11523, stack(0x000000010f760000,0x000000010f860000)]
  0x00007fd4e900c800 JavaThread "Reference Handler" daemon [_thread_blocked, id=11011, stack(0x000000010f65d000,0x000000010f75d000)]
  0x00007fd4e9801000 JavaThread "main" [_thread_blocked, id=4867, stack(0x0000000108454000,0x0000000108554000)]

Other Threads:
  0x00007fd4e984c800 VMThread [stack: 0x000000010f55a000,0x000000010f65a000] [id=10499]
  0x00007fd4e9015800 WatcherThread [stack: 0x00000001114ad000,0x00000001115ad000] [id=18179]

VM state:not at safepoint (normal execution)

VM Mutex/Monitor currently owned by a thread: None

Heap
 PSYoungGen      total 19456K, used 6899K [0x00000007eaa80000, 0x00000007ec000000, 0x0000000800000000)
  eden space 16896K, 25% used [0x00000007eaa80000,0x00000007eaec3b28,0x00000007ebb00000)
  from space 2560K, 98% used [0x00000007ebb00000,0x00000007ebd793a8,0x00000007ebd80000)
  to   space 2560K, 0% used [0x00000007ebd80000,0x00000007ebd80000,0x00000007ec000000)
 ParOldGen       total 43520K, used 7745K [0x00000007c0000000, 0x00000007c2a80000, 0x00000007eaa80000)
  object space 43520K, 17% used [0x00000007c0000000,0x00000007c07904d0,0x00000007c2a80000)
 PSPermGen       total 21504K, used 15842K [0x00000007bae00000, 0x00000007bc300000, 0x00000007c0000000)
  object space 21504K, 73% used [0x00000007bae00000,0x00000007bbd78af8,0x00000007bc300000)

Card table byte_map: [0x000000010b61f000,0x000000010b849000] byte_map_base: 0x0000000107848000

Polling page: 0x00000001071ef000

Code Cache  [0x000000010855f000, 0x00000001087cf000, 0x000000010b55f000)
 total_blobs=781 nmethods=206 adapters=529 free_code_cache=48003Kb largest_free_block=49115264

Compilation events (10 events):
Event: 424.368 Thread 0x00007fd4ea017000 nmethod 209 0x000000010867bb10 code [0x000000010867bc60, 0x000000010867be38]
Event: 424.368 Thread 0x00007fd4e9857000 nmethod 210 0x000000010867b890 code [0x000000010867b9e0, 0x000000010867ba48]
Event: 441.834 Thread 0x00007fd4ea017000  211             java.lang.ref.ReferenceQueue::reallyPoll (69 bytes)
Event: 441.834 Thread 0x00007fd4ea017000 nmethod 211 0x000000010867b590 code [0x000000010867b6c0, 0x000000010867b738]
Event: 831.935 Thread 0x00007fd4e9857000  212   !         java.lang.ref.ReferenceQueue::remove (80 bytes)
Event: 831.942 Thread 0x00007fd4e9857000 nmethod 212 0x0000000108670250 code [0x00000001086703e0, 0x0000000108670d18]
Event: 867.209 Thread 0x00007fd4ea017000  213             com.sun.javafx.geom.RectBounds::isEmpty (30 bytes)
Event: 867.209 Thread 0x00007fd4ea017000 nmethod 213 0x000000010866ffd0 code [0x0000000108670100, 0x0000000108670178]
Event: 867.736 Thread 0x00007fd4e9857000  214             com.sun.openpisces.Renderer$ScanlineIterator::next (352 bytes)
Event: 867.756 Thread 0x00007fd4e9857000 nmethod 214 0x00000001085fe550 code [0x00000001085fe720, 0x00000001085ff2c8]

GC Heap History (6 events):
Event: 0.812 GC heap before
{Heap before GC invocations=1 (full 0):
 PSYoungGen      total 19456K, used 16896K [0x00000007eaa80000, 0x00000007ec000000, 0x0000000800000000)
  eden space 16896K, 100% used [0x00000007eaa80000,0x00000007ebb00000,0x00000007ebb00000)
  from space 2560K, 0% used [0x00000007ebd80000,0x00000007ebd80000,0x00000007ec000000)
  to   space 2560K, 0% used [0x00000007ebb00000,0x00000007ebb00000,0x00000007ebd80000)
 ParOldGen       total 43520K, used 0K [0x00000007c0000000, 0x00000007c2a80000, 0x00000007eaa80000)
  object space 43520K, 0% used [0x00000007c0000000,0x00000007c0000000,0x00000007c2a80000)
 PSPermGen       total 21504K, used 8646K [0x00000007bae00000, 0x00000007bc300000, 0x00000007c0000000)
  object space 21504K, 40% used [0x00000007bae00000,0x00000007bb671b28,0x00000007bc300000)
Event: 0.817 GC heap after
Heap after GC invocations=1 (full 0):
 PSYoungGen      total 19456K, used 1594K [0x00000007eaa80000, 0x00000007ec000000, 0x0000000800000000)
  eden space 16896K, 0% used [0x00000007eaa80000,0x00000007eaa80000,0x00000007ebb00000)
  from space 2560K, 62% used [0x00000007ebb00000,0x00000007ebc8e810,0x00000007ebd80000)
  to   space 2560K, 0% used [0x00000007ebd80000,0x00000007ebd80000,0x00000007ec000000)
 ParOldGen       total 43520K, used 8K [0x00000007c0000000, 0x00000007c2a80000, 0x00000007eaa80000)
  object space 43520K, 0% used [0x00000007c0000000,0x00000007c0002000,0x00000007c2a80000)
 PSPermGen       total 21504K, used 8646K [0x00000007bae00000, 0x00000007bc300000, 0x00000007c0000000)
  object space 21504K, 40% used [0x00000007bae00000,0x00000007bb671b28,0x00000007bc300000)
}
Event: 1.695 GC heap before
{Heap before GC invocations=2 (full 0):
 PSYoungGen      total 19456K, used 18490K [0x00000007eaa80000, 0x00000007ec000000, 0x0000000800000000)
  eden space 16896K, 100% used [0x00000007eaa80000,0x00000007ebb00000,0x00000007ebb00000)
  from space 2560K, 62% used [0x00000007ebb00000,0x00000007ebc8e810,0x00000007ebd80000)
  to   space 2560K, 0% used [0x00000007ebd80000,0x00000007ebd80000,0x00000007ec000000)
 ParOldGen       total 43520K, used 8K [0x00000007c0000000, 0x00000007c2a80000, 0x00000007eaa80000)
  object space 43520K, 0% used [0x00000007c0000000,0x00000007c0002000,0x00000007c2a80000)
 PSPermGen       total 21504K, used 13257K [0x00000007bae00000, 0x00000007bc300000, 0x00000007c0000000)
  object space 21504K, 61% used [0x00000007bae00000,0x00000007bbaf27f8,0x00000007bc300000)
Event: 1.703 GC heap after
Heap after GC invocations=2 (full 0):
 PSYoungGen      total 19456K, used 2532K [0x00000007eaa80000, 0x00000007ec000000, 0x0000000800000000)
  eden space 16896K, 0% used [0x00000007eaa80000,0x00000007eaa80000,0x00000007ebb00000)
  from space 2560K, 98% used [0x00000007ebd80000,0x00000007ebff93b8,0x00000007ec000000)
  to   space 2560K, 0% used [0x00000007ebb00000,0x00000007ebb00000,0x00000007ebd80000)
 ParOldGen       total 43520K, used 3012K [0x00000007c0000000, 0x00000007c2a80000, 0x00000007eaa80000)
  object space 43520K, 6% used [0x00000007c0000000,0x00000007c02f1210,0x00000007c2a80000)
 PSPermGen       total 21504K, used 13257K [0x00000007bae00000, 0x00000007bc300000, 0x00000007c0000000)
  object space 21504K, 61% used [0x00000007bae00000,0x00000007bbaf27f8,0x00000007bc300000)
}
Event: 447.151 GC heap before
{Heap before GC invocations=3 (full 0):
 PSYoungGen      total 19456K, used 19428K [0x00000007eaa80000, 0x00000007ec000000, 0x0000000800000000)
  eden space 16896K, 100% used [0x00000007eaa80000,0x00000007ebb00000,0x00000007ebb00000)
  from space 2560K, 98% used [0x00000007ebd80000,0x00000007ebff93b8,0x00000007ec000000)
  to   space 2560K, 0% used [0x00000007ebb00000,0x00000007ebb00000,0x00000007ebd80000)
 ParOldGen       total 43520K, used 3012K [0x00000007c0000000, 0x00000007c2a80000, 0x00000007eaa80000)
  object space 43520K, 6% used [0x00000007c0000000,0x00000007c02f1210,0x00000007c2a80000)
 PSPermGen       total 21504K, used 15835K [0x00000007bae00000, 0x00000007bc300000, 0x00000007c0000000)
  object space 21504K, 73% used [0x00000007bae00000,0x00000007bbd76e80,0x00000007bc300000)
Event: 447.202 GC heap after
Heap after GC invocations=3 (full 0):
 PSYoungGen      total 19456K, used 2532K [0x00000007eaa80000, 0x00000007ec000000, 0x0000000800000000)
  eden space 16896K, 0% used [0x00000007eaa80000,0x00000007eaa80000,0x00000007ebb00000)
  from space 2560K, 98% used [0x00000007ebb00000,0x00000007ebd793a8,0x00000007ebd80000)
  to   space 2560K, 0% used [0x00000007ebd80000,0x00000007ebd80000,0x00000007ec000000)
 ParOldGen       total 43520K, used 7745K [0x00000007c0000000, 0x00000007c2a80000, 0x00000007eaa80000)
  object space 43520K, 17% used [0x00000007c0000000,0x00000007c07904d0,0x00000007c2a80000)
 PSPermGen       total 21504K, used 15835K [0x00000007bae00000, 0x00000007bc300000, 0x00000007c0000000)
  object space 21504K, 73% used [0x00000007bae00000,0x00000007bbd76e80,0x00000007bc300000)
}

Deoptimization events (10 events):
Event: 6.844 Thread 0x00007fd4e98ac800 Uncommon trap: reason=bimorphic action=maybe_recompile pc=0x000000010861d1b0 method=java.util.Collections$UnmodifiableList.get(I)Ljava/lang/Object; @ 5
Event: 6.845 Thread 0x00007fd4e98ac800 Uncommon trap: reason=bimorphic action=maybe_recompile pc=0x0000000108623538 method=java.util.Collections$UnmodifiableCollection.size()I @ 4
Event: 6.845 Thread 0x00007fd4e98ac800 Uncommon trap: reason=bimorphic action=maybe_recompile pc=0x000000010861d1b0 method=java.util.Collections$UnmodifiableList.get(I)Ljava/lang/Object; @ 5
Event: 6.845 Thread 0x00007fd4e98ac800 Uncommon trap: reason=bimorphic action=maybe_recompile pc=0x000000010861d1b0 method=java.util.Collections$UnmodifiableList.get(I)Ljava/lang/Object; @ 5
Event: 6.845 Thread 0x00007fd4e98ac800 Uncommon trap: reason=bimorphic action=maybe_recompile pc=0x0000000108623538 method=java.util.Collections$UnmodifiableCollection.size()I @ 4
Event: 6.845 Thread 0x00007fd4e98ac800 Uncommon trap: reason=bimorphic action=maybe_recompile pc=0x0000000108623538 method=java.util.Collections$UnmodifiableCollection.size()I @ 4
Event: 7.825 Thread 0x00007fd4e98ac800 Uncommon trap: reason=predicate action=maybe_recompile pc=0x00000001085e8040 method=java.util.Arrays.fill([Ljava/lang/Object;Ljava/lang/Object;)V @ 10
Event: 10.156 Thread 0x00007fd4e98ac800 Uncommon trap: reason=class_check action=maybe_recompile pc=0x0000000108650630 method=java.util.HashMap.put(Ljava/lang/Object;Ljava/lang/Object;)Ljava/lang/Object; @ 83
Event: 447.203 Thread 0x00007fd4e99f8000 Uncommon trap: reason=unreached action=reinterpret pc=0x000000010867b714 method=java.lang.ref.ReferenceQueue.reallyPoll()Ljava/lang/ref/Reference; @ 4
Event: 867.128 Thread 0x00007fd4e98ac800 Uncommon trap: reason=predicate action=maybe_recompile pc=0x00000001085fb1f8 method=com.sun.glass.ui.mac.MacTouchInputSupport.notifyEndTouchEvent(Lcom/sun/glass/ui/View;)V @ 54

Internal exceptions (10 events):
Event: 10.217 Thread 0x00007fd4e98ac800 Threw 0x00000007eb55a908 at /HUDSON/workspace/7u-2-build-macosx-x86_64/jdk7u51/527/hotspot/src/share/vm/prims/jvm.cpp:1244
Event: 10.217 Thread 0x00007fd4e98ac800 Threw 0x00000007eb55cf80 at /HUDSON/workspace/7u-2-build-macosx-x86_64/jdk7u51/527/hotspot/src/share/vm/prims/jvm.cpp:1244
Event: 10.217 Thread 0x00007fd4e98ac800 Threw 0x00000007eb55e4f0 at /HUDSON/workspace/7u-2-build-macosx-x86_64/jdk7u51/527/hotspot/src/share/vm/prims/jvm.cpp:1244
Event: 10.218 Thread 0x00007fd4e98ac800 Threw 0x00000007eb560cc8 at /HUDSON/workspace/7u-2-build-macosx-x86_64/jdk7u51/527/hotspot/src/share/vm/prims/jvm.cpp:1244
Event: 10.218 Thread 0x00007fd4e98ac800 Threw 0x00000007eb562138 at /HUDSON/workspace/7u-2-build-macosx-x86_64/jdk7u51/527/hotspot/src/share/vm/prims/jvm.cpp:1244
Event: 10.260 Thread 0x00007fd4e98ac800 Threw 0x00000007eb5bbab0 at /HUDSON/workspace/7u-2-build-macosx-x86_64/jdk7u51/527/hotspot/src/share/vm/prims/jvm.cpp:1244
Event: 10.279 Thread 0x00007fd4e98ac800 Threw 0x00000007eb60e000 at /HUDSON/workspace/7u-2-build-macosx-x86_64/jdk7u51/527/hotspot/src/share/vm/prims/jvm.cpp:1244
Event: 10.326 Thread 0x00007fd4e98ac800 Threw 0x00000007eb681580 at /HUDSON/workspace/7u-2-build-macosx-x86_64/jdk7u51/527/hotspot/src/share/vm/prims/jvm.cpp:1244
Event: 10.350 Thread 0x00007fd4e98ac800 Threw 0x00000007eb68c510 at /HUDSON/workspace/7u-2-build-macosx-x86_64/jdk7u51/527/hotspot/src/share/vm/prims/jvm.cpp:1244
Event: 10.361 Thread 0x00007fd4e98ac800 Threw 0x00000007eb6baaa8 at /HUDSON/workspace/7u-2-build-macosx-x86_64/jdk7u51/527/hotspot/src/share/vm/prims/jvm.cpp:1244

Events (10 events):
Event: 447.206 Executing VM operation: RevokeBias done
Event: 447.206 Executing VM operation: RevokeBias
Event: 447.206 Executing VM operation: RevokeBias done
Event: 867.128 Thread 0x00007fd4e98ac800 Uncommon trap: trap_request=0xffffff86 fr.pc=0x00000001085fb1f8
Event: 867.128 Thread 0x00007fd4e98ac800 DEOPT PACKING pc=0x00000001085fb1f8 sp=0x00007fff58b55280
Event: 867.128 Thread 0x00007fd4e98ac800 DEOPT UNPACKING pc=0x0000000108598045 sp=0x00007fff58b55258 mode 2
Event: 867.209 Thread 0x00007fd4ea017000 flushing nmethod 0x00000001085ce290
Event: 867.747 loading class 0x000000010e2dad90
Event: 867.747 loading class 0x000000010e2dad90 done
Event: 867.756 Thread 0x00007fd4e9857000 flushing nmethod 0x00000001085e05d0


Dynamic libraries:
0x0000000006088000 	/System/Library/Frameworks/Cocoa.framework/Versions/A/Cocoa
0x0000000006088000 	/System/Library/Frameworks/Security.framework/Versions/A/Security
0x0000000006088000 	/System/Library/Frameworks/ApplicationServices.framework/Versions/A/ApplicationServices
0x0000000006088000 	/usr/lib/libz.1.dylib
0x0000000006088000 	/usr/lib/libSystem.B.dylib
0x0000000006088000 	/usr/lib/libobjc.A.dylib
0x0000000006088000 	/System/Library/Frameworks/CoreFoundation.framework/Versions/A/CoreFoundation
0x0000000006088000 	/System/Library/Frameworks/Foundation.framework/Versions/C/Foundation
0x0000000006088000 	/System/Library/Frameworks/AppKit.framework/Versions/C/AppKit
0x0000000006088000 	/System/Library/Frameworks/CoreData.framework/Versions/A/CoreData
0x0000000006088000 	/System/Library/PrivateFrameworks/RemoteViewServices.framework/Versions/A/RemoteViewServices
0x0000000006088000 	/System/Library/PrivateFrameworks/UIFoundation.framework/Versions/A/UIFoundation
0x0000000006088000 	/System/Library/Frameworks/IOSurface.framework/Versions/A/IOSurface
0x0000000006088000 	/System/Library/Frameworks/AudioToolbox.framework/Versions/A/AudioToolbox
0x0000000006088000 	/System/Library/Frameworks/AudioUnit.framework/Versions/A/AudioUnit
0x0000000006088000 	/System/Library/PrivateFrameworks/DataDetectorsCore.framework/Versions/A/DataDetectorsCore
0x0000000006088000 	/System/Library/PrivateFrameworks/DesktopServicesPriv.framework/Versions/A/DesktopServicesPriv
0x0000000006088000 	/System/Library/Frameworks/Carbon.framework/Versions/A/Frameworks/HIToolbox.framework/Versions/A/HIToolbox
0x0000000006088000 	/System/Library/Frameworks/QuartzCore.framework/Versions/A/QuartzCore
0x0000000006088000 	/System/Library/Frameworks/Carbon.framework/Versions/A/Frameworks/SpeechRecognition.framework/Versions/A/SpeechRecognition
0x0000000006088000 	/usr/lib/libauto.dylib
0x0000000006088000 	/usr/lib/libicucore.A.dylib
0x0000000006088000 	/usr/lib/libxml2.2.dylib
0x0000000006088000 	/System/Library/PrivateFrameworks/CoreUI.framework/Versions/A/CoreUI
0x0000000006088000 	/System/Library/Frameworks/CoreAudio.framework/Versions/A/CoreAudio
0x0000000006088000 	/System/Library/Frameworks/DiskArbitration.framework/Versions/A/DiskArbitration
0x0000000006088000 	/usr/lib/liblangid.dylib
0x0000000006088000 	/System/Library/PrivateFrameworks/MultitouchSupport.framework/Versions/A/MultitouchSupport
0x0000000006088000 	/System/Library/Frameworks/IOKit.framework/Versions/A/IOKit
0x0000000006088000 	/usr/lib/libDiagnosticMessagesClient.dylib
0x0000000006088000 	/System/Library/Frameworks/CoreServices.framework/Versions/A/CoreServices
0x0000000006088000 	/System/Library/PrivateFrameworks/PerformanceAnalysis.framework/Versions/A/PerformanceAnalysis
0x0000000006088000 	/System/Library/PrivateFrameworks/GenerationalStorage.framework/Versions/A/GenerationalStorage
0x0000000006088000 	/System/Library/Frameworks/OpenGL.framework/Versions/A/OpenGL
0x0000000006088000 	/System/Library/PrivateFrameworks/Sharing.framework/Versions/A/Sharing
0x0000000006088000 	/System/Library/Frameworks/CoreGraphics.framework/Versions/A/CoreGraphics
0x0000000006088000 	/System/Library/Frameworks/CoreText.framework/Versions/A/CoreText
0x0000000006088000 	/System/Library/Frameworks/ImageIO.framework/Versions/A/ImageIO
0x0000000006088000 	/usr/lib/libextension.dylib
0x0000000006088000 	/System/Library/PrivateFrameworks/Backup.framework/Versions/A/Backup
0x0000000006088000 	/usr/lib/libarchive.2.dylib
0x0000000006088000 	/System/Library/Frameworks/CFNetwork.framework/Versions/A/CFNetwork
0x0000000006088000 	/System/Library/Frameworks/SystemConfiguration.framework/Versions/A/SystemConfiguration
0x0000000006088000 	/usr/lib/libCRFSuite.dylib
0x0000000006088000 	/usr/lib/libc++.1.dylib
0x0000000006088000 	/usr/lib/libc++abi.dylib
0x0000000006088000 	/usr/lib/system/libcache.dylib
0x0000000006088000 	/usr/lib/system/libcommonCrypto.dylib
0x0000000006088000 	/usr/lib/system/libcompiler_rt.dylib
0x0000000006088000 	/usr/lib/system/libcopyfile.dylib
0x0000000006088000 	/usr/lib/system/libcorecrypto.dylib
0x0000000006088000 	/usr/lib/system/libdispatch.dylib
0x0000000006088000 	/usr/lib/system/libdyld.dylib
0x0000000006088000 	/usr/lib/system/libkeymgr.dylib
0x0000000006088000 	/usr/lib/system/liblaunch.dylib
0x0000000006088000 	/usr/lib/system/libmacho.dylib
0x0000000006088000 	/usr/lib/system/libquarantine.dylib
0x0000000006088000 	/usr/lib/system/libremovefile.dylib
0x0000000006088000 	/usr/lib/system/libsystem_asl.dylib
0x0000000006088000 	/usr/lib/system/libsystem_blocks.dylib
0x0000000006088000 	/usr/lib/system/libsystem_c.dylib
0x0000000006088000 	/usr/lib/system/libsystem_configuration.dylib
0x0000000006088000 	/usr/lib/system/libsystem_coreservices.dylib
0x0000000006088000 	/usr/lib/system/libsystem_coretls.dylib
0x0000000006088000 	/usr/lib/system/libsystem_dnssd.dylib
0x0000000006088000 	/usr/lib/system/libsystem_info.dylib
0x0000000006088000 	/usr/lib/system/libsystem_kernel.dylib
0x0000000006088000 	/usr/lib/system/libsystem_m.dylib
0x0000000006088000 	/usr/lib/system/libsystem_malloc.dylib
0x0000000006088000 	/usr/lib/system/libsystem_network.dylib
0x0000000006088000 	/usr/lib/system/libsystem_networkextension.dylib
0x0000000006088000 	/usr/lib/system/libsystem_notify.dylib
0x0000000006088000 	/usr/lib/system/libsystem_platform.dylib
0x0000000006088000 	/usr/lib/system/libsystem_pthread.dylib
0x0000000006088000 	/usr/lib/system/libsystem_sandbox.dylib
0x0000000006088000 	/usr/lib/system/libsystem_secinit.dylib
0x0000000006088000 	/usr/lib/system/libsystem_stats.dylib
0x0000000006088000 	/usr/lib/system/libsystem_trace.dylib
0x0000000006088000 	/usr/lib/system/libunc.dylib
0x0000000006088000 	/usr/lib/system/libunwind.dylib
0x0000000006088000 	/usr/lib/system/libxpc.dylib
0x0000000006088000 	/usr/lib/libbz2.1.0.dylib
0x0000000006088000 	/usr/lib/liblzma.5.dylib
0x0000000006088000 	/usr/lib/libbsm.0.dylib
0x0000000006088000 	/usr/lib/libsqlite3.dylib
0x0000000006088000 	/usr/lib/system/libkxld.dylib
0x0000000006088000 	/usr/lib/libxar.1.dylib
0x0000000006088000 	/usr/lib/libpam.2.dylib
0x0000000006088000 	/usr/lib/libOpenScriptingUtil.dylib
0x0000000006088000 	/System/Library/Frameworks/CoreServices.framework/Versions/A/Frameworks/FSEvents.framework/Versions/A/FSEvents
0x0000000006088000 	/System/Library/Frameworks/CoreServices.framework/Versions/A/Frameworks/CarbonCore.framework/Versions/A/CarbonCore
0x0000000006088000 	/System/Library/Frameworks/CoreServices.framework/Versions/A/Frameworks/Metadata.framework/Versions/A/Metadata
0x0000000006088000 	/System/Library/Frameworks/CoreServices.framework/Versions/A/Frameworks/OSServices.framework/Versions/A/OSServices
0x0000000006088000 	/System/Library/Frameworks/CoreServices.framework/Versions/A/Frameworks/SearchKit.framework/Versions/A/SearchKit
0x0000000006088000 	/System/Library/Frameworks/CoreServices.framework/Versions/A/Frameworks/AE.framework/Versions/A/AE
0x0000000006088000 	/System/Library/Frameworks/CoreServices.framework/Versions/A/Frameworks/LaunchServices.framework/Versions/A/LaunchServices
0x0000000006088000 	/System/Library/Frameworks/CoreServices.framework/Versions/A/Frameworks/DictionaryServices.framework/Versions/A/DictionaryServices
0x0000000006088000 	/System/Library/Frameworks/NetFS.framework/Versions/A/NetFS
0x0000000006088000 	/System/Library/PrivateFrameworks/NetAuth.framework/Versions/A/NetAuth
0x0000000006088000 	/System/Library/PrivateFrameworks/login.framework/Versions/A/Frameworks/loginsupport.framework/Versions/A/loginsupport
0x0000000006088000 	/System/Library/PrivateFrameworks/TCC.framework/Versions/A/TCC
0x0000000006088000 	/usr/lib/libmecabra.dylib
0x0000000006088000 	/System/Library/PrivateFrameworks/LanguageModeling.framework/Versions/A/LanguageModeling
0x0000000006088000 	/usr/lib/libcmph.dylib
0x0000000006088000 	/usr/lib/libiconv.2.dylib
0x0000000006088000 	/System/Library/Frameworks/OpenDirectory.framework/Versions/A/Frameworks/CFOpenDirectory.framework/Versions/A/CFOpenDirectory
0x0000000006088000 	/System/Library/Frameworks/ServiceManagement.framework/Versions/A/ServiceManagement
0x0000000006088000 	/usr/lib/libxslt.1.dylib
0x0000000006088000 	/System/Library/Frameworks/Carbon.framework/Versions/A/Frameworks/Ink.framework/Versions/A/Ink
0x0000000006088000 	/System/Library/Frameworks/ApplicationServices.framework/Versions/A/Frameworks/ATS.framework/Versions/A/ATS
0x0000000006088000 	/System/Library/Frameworks/ApplicationServices.framework/Versions/A/Frameworks/ColorSync.framework/Versions/A/ColorSync
0x0000000006088000 	/System/Library/Frameworks/ApplicationServices.framework/Versions/A/Frameworks/HIServices.framework/Versions/A/HIServices
0x0000000006088000 	/System/Library/Frameworks/ApplicationServices.framework/Versions/A/Frameworks/LangAnalysis.framework/Versions/A/LangAnalysis
0x0000000006088000 	/System/Library/Frameworks/ApplicationServices.framework/Versions/A/Frameworks/PrintCore.framework/Versions/A/PrintCore
0x0000000006088000 	/System/Library/Frameworks/ApplicationServices.framework/Versions/A/Frameworks/QD.framework/Versions/A/QD
0x0000000006088000 	/System/Library/Frameworks/ApplicationServices.framework/Versions/A/Frameworks/SpeechSynthesis.framework/Versions/A/SpeechSynthesis
0x0000000006088000 	/System/Library/Frameworks/Accelerate.framework/Versions/A/Accelerate
0x0000000006088000 	/System/Library/Frameworks/Accelerate.framework/Versions/A/Frameworks/vImage.framework/Versions/A/vImage
0x0000000006088000 	/System/Library/Frameworks/Accelerate.framework/Versions/A/Frameworks/vecLib.framework/Versions/A/vecLib
0x0000000006088000 	/System/Library/Frameworks/Accelerate.framework/Versions/A/Frameworks/vecLib.framework/Versions/A/libvDSP.dylib
0x0000000006088000 	/System/Library/Frameworks/Accelerate.framework/Versions/A/Frameworks/vecLib.framework/Versions/A/libvMisc.dylib
0x0000000006088000 	/System/Library/Frameworks/Accelerate.framework/Versions/A/Frameworks/vecLib.framework/Versions/A/libLAPACK.dylib
0x0000000006088000 	/System/Library/Frameworks/Accelerate.framework/Versions/A/Frameworks/vecLib.framework/Versions/A/libBLAS.dylib
0x0000000006088000 	/System/Library/Frameworks/Accelerate.framework/Versions/A/Frameworks/vecLib.framework/Versions/A/libLinearAlgebra.dylib
0x0000000006088000 	/System/Library/Frameworks/ApplicationServices.framework/Versions/A/Frameworks/ATS.framework/Versions/A/Resources/libFontParser.dylib
0x0000000006088000 	/System/Library/Frameworks/ApplicationServices.framework/Versions/A/Frameworks/ATS.framework/Versions/A/Resources/libFontRegistry.dylib
0x0000000006088000 	/System/Library/PrivateFrameworks/AppleVPA.framework/Versions/A/AppleVPA
0x0000000006088000 	/System/Library/PrivateFrameworks/AppleJPEG.framework/Versions/A/AppleJPEG
0x0000000006088000 	/System/Library/Frameworks/ImageIO.framework/Versions/A/Resources/libJPEG.dylib
0x0000000006088000 	/System/Library/Frameworks/ImageIO.framework/Versions/A/Resources/libTIFF.dylib
0x0000000006088000 	/System/Library/Frameworks/ImageIO.framework/Versions/A/Resources/libPng.dylib
0x0000000006088000 	/System/Library/Frameworks/ImageIO.framework/Versions/A/Resources/libGIF.dylib
0x0000000006088000 	/System/Library/Frameworks/ImageIO.framework/Versions/A/Resources/libJP2.dylib
0x0000000006088000 	/System/Library/Frameworks/ImageIO.framework/Versions/A/Resources/libRadiance.dylib
0x0000000006088000 	/System/Library/Frameworks/CoreVideo.framework/Versions/A/CoreVideo
0x0000000006088000 	/System/Library/Frameworks/OpenGL.framework/Versions/A/Libraries/libGLU.dylib
0x0000000006088000 	/System/Library/Frameworks/OpenGL.framework/Versions/A/Libraries/libGFXShared.dylib
0x0000000006088000 	/System/Library/Frameworks/OpenGL.framework/Versions/A/Libraries/libGL.dylib
0x0000000006088000 	/System/Library/Frameworks/OpenGL.framework/Versions/A/Libraries/libGLImage.dylib
0x0000000006088000 	/System/Library/Frameworks/OpenGL.framework/Versions/A/Libraries/libCVMSPluginSupport.dylib
0x0000000006088000 	/System/Library/Frameworks/OpenGL.framework/Versions/A/Libraries/libCoreVMClient.dylib
0x0000000006088000 	/usr/lib/libcups.2.dylib
0x0000000006088000 	/System/Library/Frameworks/Kerberos.framework/Versions/A/Kerberos
0x0000000006088000 	/System/Library/Frameworks/GSS.framework/Versions/A/GSS
0x0000000006088000 	/usr/lib/libresolv.9.dylib
0x0000000006088000 	/System/Library/PrivateFrameworks/Heimdal.framework/Versions/A/Heimdal
0x0000000006088000 	/usr/lib/libheimdal-asn1.dylib
0x0000000006088000 	/System/Library/Frameworks/OpenDirectory.framework/Versions/A/OpenDirectory
0x0000000006088000 	/System/Library/PrivateFrameworks/CommonAuth.framework/Versions/A/CommonAuth
0x0000000006088000 	/System/Library/Frameworks/SecurityFoundation.framework/Versions/A/SecurityFoundation
0x0000000006088000 	/System/Library/Frameworks/QuartzCore.framework/Versions/A/Frameworks/CoreImage.framework/Versions/A/CoreImage
0x0000000006088000 	/System/Library/PrivateFrameworks/CrashReporterSupport.framework/Versions/A/CrashReporterSupport
0x0000000006088000 	/System/Library/Frameworks/OpenCL.framework/Versions/A/OpenCL
0x0000000006088000 	/System/Library/PrivateFrameworks/FaceCore.framework/Versions/A/FaceCore
0x0000000006088000 	/System/Library/PrivateFrameworks/Ubiquity.framework/Versions/A/Ubiquity
0x0000000006088000 	/System/Library/PrivateFrameworks/IconServices.framework/Versions/A/IconServices
0x0000000006088000 	/System/Library/PrivateFrameworks/ChunkingLibrary.framework/Versions/A/ChunkingLibrary
0x0000000006088000 	/System/Library/PrivateFrameworks/Apple80211.framework/Versions/A/Apple80211
0x0000000006088000 	/System/Library/Frameworks/CoreWLAN.framework/Versions/A/CoreWLAN
0x0000000006088000 	/System/Library/Frameworks/IOBluetooth.framework/Versions/A/IOBluetooth
0x0000000006088000 	/System/Library/PrivateFrameworks/CoreWiFi.framework/Versions/A/CoreWiFi
0x0000000006088000 	/System/Library/Frameworks/CoreBluetooth.framework/Versions/A/CoreBluetooth
0x0000000006088000 	/System/Library/PrivateFrameworks/DebugSymbols.framework/Versions/A/DebugSymbols
0x0000000006088000 	/System/Library/PrivateFrameworks/CoreSymbolication.framework/Versions/A/CoreSymbolication
0x0000000006088000 	/System/Library/PrivateFrameworks/Symbolication.framework/Versions/A/Symbolication
0x0000000006088000 	/System/Library/PrivateFrameworks/SpeechRecognitionCore.framework/Versions/A/SpeechRecognitionCore
0x0000000107a00000 	/Library/Java/JavaVirtualMachines/jdk1.7.0_51.jdk/Contents/Home/jre/lib/server/libjvm.dylib
0x0000000006088000 	/usr/lib/libstdc++.6.dylib
0x00000001071b2000 	/Library/Java/JavaVirtualMachines/jdk1.7.0_51.jdk/Contents/Home/jre/lib/libverify.dylib
0x00000001071bf000 	/Library/Java/JavaVirtualMachines/jdk1.7.0_51.jdk/Contents/Home/jre/lib/libjava.dylib
0x0000000108556000 	/Library/Java/JavaVirtualMachines/jdk1.7.0_51.jdk/Contents/Home/jre/lib/libzip.dylib
0x000000010f862000 	/System/Library/Frameworks/JavaVM.framework/Frameworks/JavaRuntimeSupport.framework/JavaRuntimeSupport
0x000000010f878000 	/System/Library/Frameworks/JavaVM.framework/Versions/A/Frameworks/JavaNativeFoundation.framework/Versions/A/JavaNativeFoundation
0x000000010f88c000 	/System/Library/Frameworks/JavaVM.framework/Versions/A/JavaVM
0x0000000006088000 	/System/Library/Frameworks/Carbon.framework/Versions/A/Carbon
0x000000010f898000 	/System/Library/PrivateFrameworks/JavaLaunching.framework/Versions/A/JavaLaunching
0x0000000006088000 	/System/Library/Frameworks/Carbon.framework/Versions/A/Frameworks/CommonPanels.framework/Versions/A/CommonPanels
0x0000000006088000 	/System/Library/Frameworks/Carbon.framework/Versions/A/Frameworks/Help.framework/Versions/A/Help
0x0000000006088000 	/System/Library/Frameworks/Carbon.framework/Versions/A/Frameworks/ImageCapture.framework/Versions/A/ImageCapture
0x0000000006088000 	/System/Library/Frameworks/Carbon.framework/Versions/A/Frameworks/OpenScripting.framework/Versions/A/OpenScripting
0x0000000006088000 	/System/Library/Frameworks/Carbon.framework/Versions/A/Frameworks/Print.framework/Versions/A/Print
0x0000000006088000 	/System/Library/Frameworks/Carbon.framework/Versions/A/Frameworks/SecurityHI.framework/Versions/A/SecurityHI
0x00000001118b9000 	/Library/Java/JavaVirtualMachines/jdk1.7.0_51.jdk/Contents/Home/jre/lib/libprism-es2.dylib
0x0000000006088000 	/System/Library/Frameworks/OpenGL.framework/Versions/A/Resources/GLEngine.bundle/GLEngine
0x0000000006088000 	/System/Library/Frameworks/OpenGL.framework/Versions/A/Libraries/libGLProgrammability.dylib
0x0000000000000000 	/System/Library/Extensions/AppleIntelHD4000GraphicsGLDriver.bundle/Contents/MacOS/AppleIntelHD4000GraphicsGLDriver
0x0000000006088000 	/System/Library/PrivateFrameworks/IOAccelerator.framework/Versions/A/IOAccelerator
0x0000000006088000 	/System/Library/PrivateFrameworks/GPUSupport.framework/Versions/A/Libraries/libGPUSupportMercury.dylib
0x0000000006088000 	/System/Library/Frameworks/OpenGL.framework/Versions/A/Resources/GLRendererFloat.bundle/GLRendererFloat
0x0000000006088000 	/System/Library/Frameworks/OpenCL.framework/Versions/A/Libraries/libcldcpuengine.dylib
0x0000000006088000 	/System/Library/PrivateFrameworks/DiskImages.framework/Versions/A/DiskImages
0x0000000006088000 	/System/Library/Frameworks/DiscRecording.framework/Versions/A/DiscRecording
0x0000000006088000 	/usr/lib/libcsfde.dylib
0x0000000006088000 	/usr/lib/libcurl.4.dylib
0x0000000006088000 	/System/Library/PrivateFrameworks/MediaKit.framework/Versions/A/MediaKit
0x0000000006088000 	/System/Library/PrivateFrameworks/ProtectedCloudStorage.framework/Versions/A/ProtectedCloudStorage
0x0000000006088000 	/usr/lib/libCoreStorage.dylib
0x0000000006088000 	/System/Library/PrivateFrameworks/EFILogin.framework/Versions/A/EFILogin
0x0000000006088000 	/usr/lib/libutil.dylib
0x0000000006088000 	/System/Library/PrivateFrameworks/FindMyDevice.framework/Versions/A/FindMyDevice
0x0000000006088000 	/System/Library/Frameworks/LDAP.framework/Versions/A/LDAP
0x0000000006088000 	/usr/lib/libsasl2.2.dylib
0x0000000006088000 	/System/Library/PrivateFrameworks/CoreDaemon.framework/Versions/B/CoreDaemon
0x0000000006088000 	/usr/lib/libcrypto.0.9.8.dylib
0x0000000006088000 	/System/Library/PrivateFrameworks/AppleSRP.framework/Versions/A/AppleSRP
0x0000000006088000 	/System/Library/PrivateFrameworks/TrustEvaluationAgent.framework/Versions/A/TrustEvaluationAgent
0x0000000111e62000 	/Library/Java/JavaVirtualMachines/jdk1.7.0_51.jdk/Contents/Home/jre/lib/libglass.dylib
0x0000000006088000 	/System/Library/PrivateFrameworks/CoreServicesInternal.framework/Versions/A/CoreServicesInternal
0x0000000006088000 	/System/Library/PrivateFrameworks/CloudDocs.framework/Versions/A/CloudDocs
0x0000000006088000 	/System/Library/PrivateFrameworks/CoreDuet.framework/Versions/A/CoreDuet
0x0000000006088000 	/System/Library/Frameworks/CloudKit.framework/Versions/A/CloudKit
0x0000000006088000 	/System/Library/PrivateFrameworks/ProtocolBuffer.framework/Versions/A/ProtocolBuffer
0x0000000006088000 	/System/Library/PrivateFrameworks/CoreDuetDaemonProtocol.framework/Versions/A/CoreDuetDaemonProtocol
0x0000000006088000 	/System/Library/PrivateFrameworks/CoreDuetDebugLogging.framework/Versions/A/CoreDuetDebugLogging
0x0000000006088000 	/System/Library/Frameworks/CoreLocation.framework/Versions/A/CoreLocation
0x0000000006088000 	/System/Library/Frameworks/Accounts.framework/Versions/A/Accounts
0x0000000006088000 	/System/Library/PrivateFrameworks/ApplePushService.framework/Versions/A/ApplePushService
0x0000000006088000 	/System/Library/PrivateFrameworks/GeoServices.framework/Versions/A/GeoServices
0x0000000006088000 	/System/Library/PrivateFrameworks/OAuth.framework/Versions/A/OAuth
0x0000000006088000 	/System/Library/Frameworks/CoreGraphics.framework/Versions/A/Resources/libCGCMS.A.dylib
0x00000001133cc000 	/System/Library/CoreServices/RawCamera.bundle/Contents/MacOS/RawCamera
0x0000000006088000 	/System/Library/Frameworks/CoreGraphics.framework/Versions/A/Resources/libRIP.A.dylib
0x0000000006088000 	/System/Library/PrivateFrameworks/FamilyControls.framework/Versions/A/FamilyControls
0x0000000006088000 	/System/Library/PrivateFrameworks/CommerceKit.framework/Versions/A/Frameworks/CommerceCore.framework/Versions/A/CommerceCore
0x0000000006088000 	/System/Library/PrivateFrameworks/SystemAdministration.framework/Versions/A/SystemAdministration
0x0000000006088000 	/System/Library/PrivateFrameworks/AppContainer.framework/Versions/A/AppContainer
0x0000000006088000 	/System/Library/PrivateFrameworks/SecCodeWrapper.framework/Versions/A/SecCodeWrapper
0x0000000006088000 	/System/Library/Frameworks/DirectoryService.framework/Versions/A/DirectoryService
0x0000000006088000 	/System/Library/PrivateFrameworks/LoginUIKit.framework/Versions/A/Frameworks/LoginUICore.framework/Versions/A/LoginUICore
0x0000000006088000 	/usr/lib/libodfde.dylib
0x0000000006088000 	/System/Library/Frameworks/CoreGraphics.framework/Versions/A/Resources/libCGXType.A.dylib
0x0000000116010000 	/Library/Java/JavaVirtualMachines/jdk1.7.0_51.jdk/Contents/Home/jre/lib/libnio.dylib
0x000000011601f000 	/Library/Java/JavaVirtualMachines/jdk1.7.0_51.jdk/Contents/Home/jre/lib/./libnet.dylib
0x0000000117df9000 	/Library/Java/JavaVirtualMachines/jdk1.7.0_51.jdk/Contents/Home/jre/lib/libjavafx-font.dylib
0x00000001138d9000 	cl_kernels
0x0000000119798000 	/System/Library/Frameworks/OpenCL.framework/Versions/A/Libraries/ImageFormats/unorm8_bgra.dylib
0x00000001138ef000 	cl_kernels

VM Arguments:
jvm_args: -Dfile.encoding=UTF-8 
java_command: calendar.CreateCalendar
Launcher Type: SUN_STANDARD

Environment Variables:
PATH=/usr/bin:/bin:/usr/sbin:/sbin
SHELL=/bin/bash

Signal Handlers:
SIGSEGV: [libjvm.dylib+0x525425], sa_mask[0]=0xfffefeff, sa_flags=0x00000043
SIGBUS: [libjvm.dylib+0x525425], sa_mask[0]=0xfffefeff, sa_flags=0x00000042
SIGFPE: [libjvm.dylib+0x41892a], sa_mask[0]=0xfffefeff, sa_flags=0x00000042
SIGPIPE: [libjvm.dylib+0x41892a], sa_mask[0]=0xfffefeff, sa_flags=0x00000042
SIGXFSZ: [libjvm.dylib+0x41892a], sa_mask[0]=0xfffefeff, sa_flags=0x00000042
SIGILL: [libjvm.dylib+0x41892a], sa_mask[0]=0xfffefeff, sa_flags=0x00000042
SIGUSR1: SIG_DFL, sa_mask[0]=0x00000000, sa_flags=0x00000000
SIGUSR2: [libjvm.dylib+0x41841c], sa_mask[0]=0x00000004, sa_flags=0x00000042
SIGHUP: [libjvm.dylib+0x4166ab], sa_mask[0]=0xfffefeff, sa_flags=0x00000042
SIGINT: [libjvm.dylib+0x4166ab], sa_mask[0]=0xfffefeff, sa_flags=0x00000042
SIGTERM: [libjvm.dylib+0x4166ab], sa_mask[0]=0xfffefeff, sa_flags=0x00000042
SIGQUIT: [libjvm.dylib+0x4166ab], sa_mask[0]=0xfffefeff, sa_flags=0x00000042


---------------  S Y S T E M  ---------------

OS:Bsduname:Darwin 14.0.0 Darwin Kernel Version 14.0.0: Fri Sep 19 00:26:44 PDT 2014; root:xnu-2782.1.97~2/RELEASE_X86_64 x86_64
rlimit: STACK 8192k, CORE 0k, NPROC 709, NOFILE 10240, AS infinity
load average:3.72 3.58 3.91

CPU:total 4 (2 cores per cpu, 2 threads per core) family 6 model 58 stepping 9, cmov, cx8, fxsr, mmx, sse, sse2, sse3, ssse3, sse4.1, sse4.2, popcnt, avx, aes, erms, ht, tsc, tscinvbit, tscinv

Memory: 4k page, physical 4194304k(1048576k free)

/proc/meminfo:


vm_info: Java HotSpot(TM) 64-Bit Server VM (24.51-b03) for bsd-amd64 JRE (1.7.0_51-b13), built on Dec 18 2013 18:45:56 by "java_re" with gcc 4.2.1 (Based on Apple Inc. build 5658) (LLVM build 2336.11.00)

time: Tue Mar 10 08:56:38 2015
elapsed time: 868 seconds

